{"/Users/atmarcus/Vaults/sageframe-no-kaji-dev/edelmore-diary/src/hooks.server.ts": {"path":"/Users/atmarcus/Vaults/sageframe-no-kaji-dev/edelmore-diary/src/hooks.server.ts","all":false,"statementMap":{"0":{"start":{"line":1,"column":0},"end":{"line":1,"column":87}},"1":{"start":{"line":2,"column":0},"end":{"line":2,"column":38}},"2":{"start":{"line":3,"column":0},"end":{"line":3,"column":74}},"3":{"start":{"line":4,"column":0},"end":{"line":4,"column":43}},"8":{"start":{"line":9,"column":0},"end":{"line":9,"column":52}},"9":{"start":{"line":10,"column":0},"end":{"line":10,"column":40}},"10":{"start":{"line":11,"column":0},"end":{"line":11,"column":25}},"12":{"start":{"line":13,"column":0},"end":{"line":13,"column":56}},"13":{"start":{"line":14,"column":0},"end":{"line":14,"column":20}},"14":{"start":{"line":15,"column":0},"end":{"line":15,"column":48}},"15":{"start":{"line":16,"column":0},"end":{"line":16,"column":20}},"16":{"start":{"line":17,"column":0},"end":{"line":17,"column":54}},"19":{"start":{"line":20,"column":0},"end":{"line":20,"column":35}},"20":{"start":{"line":21,"column":0},"end":{"line":21,"column":62}},"21":{"start":{"line":22,"column":0},"end":{"line":22,"column":56}},"22":{"start":{"line":23,"column":0},"end":{"line":23,"column":22}},"23":{"start":{"line":24,"column":0},"end":{"line":24,"column":27}},"24":{"start":{"line":25,"column":0},"end":{"line":25,"column":31}},"25":{"start":{"line":26,"column":0},"end":{"line":26,"column":58}},"26":{"start":{"line":27,"column":0},"end":{"line":27,"column":45}},"27":{"start":{"line":28,"column":0},"end":{"line":28,"column":13}},"28":{"start":{"line":29,"column":0},"end":{"line":29,"column":9}},"29":{"start":{"line":30,"column":0},"end":{"line":30,"column":7}},"30":{"start":{"line":31,"column":0},"end":{"line":31,"column":5}},"32":{"start":{"line":33,"column":0},"end":{"line":33,"column":26}},"33":{"start":{"line":34,"column":0},"end":{"line":34,"column":4}},"34":{"start":{"line":35,"column":0},"end":{"line":35,"column":1}},"37":{"start":{"line":38,"column":0},"end":{"line":38,"column":32}},"38":{"start":{"line":39,"column":0},"end":{"line":39,"column":20}}},"s":{"0":1,"1":1,"2":1,"3":1,"8":1,"9":5,"10":5,"12":5,"13":5,"14":3,"15":3,"16":2,"19":2,"20":2,"21":2,"22":2,"23":2,"24":2,"25":2,"26":2,"27":2,"28":2,"29":2,"30":3,"32":5,"33":5,"34":5,"37":1,"38":1},"branchMap":{"0":{"type":"branch","line":9,"loc":{"start":{"line":9,"column":7},"end":{"line":35,"column":1}},"locations":[{"start":{"line":9,"column":7},"end":{"line":35,"column":1}}]},"1":{"type":"branch","line":10,"loc":{"start":{"line":10,"column":9},"end":{"line":34,"column":4}},"locations":[{"start":{"line":10,"column":9},"end":{"line":34,"column":4}}]},"2":{"type":"branch","line":14,"loc":{"start":{"line":14,"column":19},"end":{"line":31,"column":5}},"locations":[{"start":{"line":14,"column":19},"end":{"line":31,"column":5}}]},"3":{"type":"branch","line":16,"loc":{"start":{"line":16,"column":19},"end":{"line":30,"column":7}},"locations":[{"start":{"line":16,"column":19},"end":{"line":30,"column":7}}]}},"b":{"0":[5],"1":[5],"2":[3],"3":[2]},"fnMap":{"0":{"name":"createHandle","decl":{"start":{"line":9,"column":7},"end":{"line":35,"column":1}},"loc":{"start":{"line":9,"column":7},"end":{"line":35,"column":1}},"line":9},"1":{"name":"getDb","decl":{"start":{"line":42,"column":0},"end":{"line":51,"column":1}},"loc":{"start":{"line":42,"column":0},"end":{"line":51,"column":1}},"line":42},"2":{"name":"handle","decl":{"start":{"line":54,"column":30},"end":{"line":56,"column":2}},"loc":{"start":{"line":54,"column":30},"end":{"line":56,"column":2}},"line":54}},"f":{"0":5,"1":1,"2":1}}
,"/Users/atmarcus/Vaults/sageframe-no-kaji-dev/edelmore-diary/src/lib/auth.ts": {"path":"/Users/atmarcus/Vaults/sageframe-no-kaji-dev/edelmore-diary/src/lib/auth.ts","all":false,"statementMap":{"0":{"start":{"line":1,"column":0},"end":{"line":1,"column":42}},"1":{"start":{"line":2,"column":0},"end":{"line":2,"column":28}},"3":{"start":{"line":4,"column":0},"end":{"line":4,"column":40}},"4":{"start":{"line":5,"column":0},"end":{"line":5,"column":58}},"5":{"start":{"line":6,"column":0},"end":{"line":6,"column":67}},"7":{"start":{"line":8,"column":0},"end":{"line":8,"column":61}},"8":{"start":{"line":9,"column":0},"end":{"line":9,"column":53}},"9":{"start":{"line":10,"column":0},"end":{"line":10,"column":1}},"11":{"start":{"line":12,"column":0},"end":{"line":12,"column":78}},"12":{"start":{"line":13,"column":0},"end":{"line":13,"column":7}},"13":{"start":{"line":14,"column":0},"end":{"line":14,"column":42}},"14":{"start":{"line":15,"column":0},"end":{"line":15,"column":11}},"15":{"start":{"line":16,"column":0},"end":{"line":16,"column":17}},"16":{"start":{"line":17,"column":0},"end":{"line":17,"column":3}},"17":{"start":{"line":18,"column":0},"end":{"line":18,"column":1}},"19":{"start":{"line":20,"column":0},"end":{"line":20,"column":43}},"20":{"start":{"line":21,"column":0},"end":{"line":21,"column":41}},"21":{"start":{"line":22,"column":0},"end":{"line":22,"column":1}},"25":{"start":{"line":26,"column":0},"end":{"line":26,"column":78}},"26":{"start":{"line":27,"column":0},"end":{"line":27,"column":39}},"27":{"start":{"line":28,"column":0},"end":{"line":28,"column":18}},"28":{"start":{"line":29,"column":0},"end":{"line":29,"column":22}},"29":{"start":{"line":30,"column":0},"end":{"line":30,"column":30}},"30":{"start":{"line":31,"column":0},"end":{"line":31,"column":1}}},"s":{"0":1,"1":1,"3":1,"4":1,"5":1,"7":16,"8":16,"9":16,"11":6,"12":6,"13":6,"14":6,"15":1,"16":1,"17":6,"19":1,"20":13,"21":13,"25":1,"26":10,"27":10,"28":10,"29":10,"30":10},"branchMap":{"0":{"type":"branch","line":8,"loc":{"start":{"line":8,"column":0},"end":{"line":10,"column":1}},"locations":[{"start":{"line":8,"column":0},"end":{"line":10,"column":1}}]},"1":{"type":"branch","line":12,"loc":{"start":{"line":12,"column":0},"end":{"line":18,"column":1}},"locations":[{"start":{"line":12,"column":0},"end":{"line":18,"column":1}}]},"2":{"type":"branch","line":15,"loc":{"start":{"line":15,"column":2},"end":{"line":17,"column":3}},"locations":[{"start":{"line":15,"column":2},"end":{"line":17,"column":3}}]},"3":{"type":"branch","line":20,"loc":{"start":{"line":20,"column":7},"end":{"line":22,"column":1}},"locations":[{"start":{"line":20,"column":7},"end":{"line":22,"column":1}}]},"4":{"type":"branch","line":26,"loc":{"start":{"line":26,"column":7},"end":{"line":31,"column":1}},"locations":[{"start":{"line":26,"column":7},"end":{"line":31,"column":1}}]}},"b":{"0":[16],"1":[6],"2":[1],"3":[13],"4":[10]},"fnMap":{"0":{"name":"hashPin","decl":{"start":{"line":8,"column":0},"end":{"line":10,"column":1}},"loc":{"start":{"line":8,"column":0},"end":{"line":10,"column":1}},"line":8},"1":{"name":"verifyPin","decl":{"start":{"line":12,"column":0},"end":{"line":18,"column":1}},"loc":{"start":{"line":12,"column":0},"end":{"line":18,"column":1}},"line":12},"2":{"name":"createSessionId","decl":{"start":{"line":20,"column":7},"end":{"line":22,"column":1}},"loc":{"start":{"line":20,"column":7},"end":{"line":22,"column":1}},"line":20},"3":{"name":"sessionExpiry","decl":{"start":{"line":26,"column":7},"end":{"line":31,"column":1}},"loc":{"start":{"line":26,"column":7},"end":{"line":31,"column":1}},"line":26}},"f":{"0":16,"1":6,"2":13,"3":10}}
,"/Users/atmarcus/Vaults/sageframe-no-kaji-dev/edelmore-diary/src/lib/calendar.ts": {"path":"/Users/atmarcus/Vaults/sageframe-no-kaji-dev/edelmore-diary/src/lib/calendar.ts","all":false,"statementMap":{"5":{"start":{"line":6,"column":0},"end":{"line":6,"column":77}},"6":{"start":{"line":7,"column":0},"end":{"line":7,"column":54}},"7":{"start":{"line":8,"column":0},"end":{"line":8,"column":74}},"8":{"start":{"line":9,"column":0},"end":{"line":9,"column":54}},"10":{"start":{"line":11,"column":0},"end":{"line":11,"column":33}},"13":{"start":{"line":14,"column":0},"end":{"line":14,"column":43}},"14":{"start":{"line":15,"column":0},"end":{"line":15,"column":50}},"15":{"start":{"line":16,"column":0},"end":{"line":16,"column":70}},"16":{"start":{"line":17,"column":0},"end":{"line":17,"column":3}},"19":{"start":{"line":20,"column":0},"end":{"line":20,"column":42}},"20":{"start":{"line":21,"column":0},"end":{"line":21,"column":52}},"21":{"start":{"line":22,"column":0},"end":{"line":22,"column":72}},"22":{"start":{"line":23,"column":0},"end":{"line":23,"column":3}},"25":{"start":{"line":26,"column":0},"end":{"line":26,"column":47}},"26":{"start":{"line":27,"column":0},"end":{"line":27,"column":39}},"27":{"start":{"line":28,"column":0},"end":{"line":28,"column":56}},"28":{"start":{"line":29,"column":0},"end":{"line":29,"column":73}},"29":{"start":{"line":30,"column":0},"end":{"line":30,"column":3}},"31":{"start":{"line":32,"column":0},"end":{"line":32,"column":14}},"32":{"start":{"line":33,"column":0},"end":{"line":33,"column":1}},"34":{"start":{"line":35,"column":0},"end":{"line":35,"column":89}},"35":{"start":{"line":36,"column":0},"end":{"line":36,"column":56}},"36":{"start":{"line":37,"column":0},"end":{"line":37,"column":36}},"37":{"start":{"line":38,"column":0},"end":{"line":38,"column":1}},"39":{"start":{"line":40,"column":0},"end":{"line":40,"column":89}},"40":{"start":{"line":41,"column":0},"end":{"line":41,"column":56}},"41":{"start":{"line":42,"column":0},"end":{"line":42,"column":36}},"42":{"start":{"line":43,"column":0},"end":{"line":43,"column":1}},"44":{"start":{"line":45,"column":0},"end":{"line":45,"column":28}},"45":{"start":{"line":46,"column":0},"end":{"line":46,"column":12}},"46":{"start":{"line":47,"column":0},"end":{"line":47,"column":13}},"47":{"start":{"line":48,"column":0},"end":{"line":48,"column":10}},"48":{"start":{"line":49,"column":0},"end":{"line":49,"column":10}},"49":{"start":{"line":50,"column":0},"end":{"line":50,"column":8}},"50":{"start":{"line":51,"column":0},"end":{"line":51,"column":9}},"51":{"start":{"line":52,"column":0},"end":{"line":52,"column":9}},"52":{"start":{"line":53,"column":0},"end":{"line":53,"column":11}},"53":{"start":{"line":54,"column":0},"end":{"line":54,"column":14}},"54":{"start":{"line":55,"column":0},"end":{"line":55,"column":12}},"55":{"start":{"line":56,"column":0},"end":{"line":56,"column":13}},"56":{"start":{"line":57,"column":0},"end":{"line":57,"column":13}},"57":{"start":{"line":58,"column":0},"end":{"line":58,"column":2}},"59":{"start":{"line":60,"column":0},"end":{"line":60,"column":69}}},"s":{"5":1,"6":18,"7":18,"8":18,"10":18,"13":18,"14":49,"15":49,"16":49,"19":18,"20":543,"21":543,"22":543,"25":18,"26":18,"27":52,"28":52,"29":52,"31":18,"32":18,"34":1,"35":2,"36":1,"37":1,"39":1,"40":2,"41":1,"42":1,"44":1,"45":1,"46":1,"47":1,"48":1,"49":1,"50":1,"51":1,"52":1,"53":1,"54":1,"55":1,"56":1,"57":1,"59":1},"branchMap":{"0":{"type":"branch","line":6,"loc":{"start":{"line":6,"column":7},"end":{"line":33,"column":1}},"locations":[{"start":{"line":6,"column":7},"end":{"line":33,"column":1}}]},"1":{"type":"branch","line":14,"loc":{"start":{"line":14,"column":42},"end":{"line":17,"column":3}},"locations":[{"start":{"line":14,"column":42},"end":{"line":17,"column":3}}]},"2":{"type":"branch","line":20,"loc":{"start":{"line":20,"column":41},"end":{"line":23,"column":3}},"locations":[{"start":{"line":20,"column":41},"end":{"line":23,"column":3}}]},"3":{"type":"branch","line":27,"loc":{"start":{"line":27,"column":38},"end":{"line":30,"column":3}},"locations":[{"start":{"line":27,"column":38},"end":{"line":30,"column":3}}]},"4":{"type":"branch","line":35,"loc":{"start":{"line":35,"column":7},"end":{"line":38,"column":1}},"locations":[{"start":{"line":35,"column":7},"end":{"line":38,"column":1}}]},"5":{"type":"branch","line":36,"loc":{"start":{"line":36,"column":19},"end":{"line":38,"column":1}},"locations":[{"start":{"line":36,"column":19},"end":{"line":38,"column":1}}]},"6":{"type":"branch","line":40,"loc":{"start":{"line":40,"column":7},"end":{"line":43,"column":1}},"locations":[{"start":{"line":40,"column":7},"end":{"line":43,"column":1}}]},"7":{"type":"branch","line":41,"loc":{"start":{"line":41,"column":20},"end":{"line":43,"column":1}},"locations":[{"start":{"line":41,"column":20},"end":{"line":43,"column":1}}]}},"b":{"0":[18],"1":[49],"2":[543],"3":[52],"4":[2],"5":[1],"6":[2],"7":[1]},"fnMap":{"0":{"name":"getCalendarDays","decl":{"start":{"line":6,"column":7},"end":{"line":33,"column":1}},"loc":{"start":{"line":6,"column":7},"end":{"line":33,"column":1}},"line":6},"1":{"name":"prevMonth","decl":{"start":{"line":35,"column":7},"end":{"line":38,"column":1}},"loc":{"start":{"line":35,"column":7},"end":{"line":38,"column":1}},"line":35},"2":{"name":"nextMonth","decl":{"start":{"line":40,"column":7},"end":{"line":43,"column":1}},"loc":{"start":{"line":40,"column":7},"end":{"line":43,"column":1}},"line":40}},"f":{"0":18,"1":2,"2":2}}
,"/Users/atmarcus/Vaults/sageframe-no-kaji-dev/edelmore-diary/src/lib/covers.ts": {"path":"/Users/atmarcus/Vaults/sageframe-no-kaji-dev/edelmore-diary/src/lib/covers.ts","all":false,"statementMap":{"13":{"start":{"line":14,"column":0},"end":{"line":14,"column":36}},"14":{"start":{"line":15,"column":0},"end":{"line":15,"column":34}},"15":{"start":{"line":16,"column":0},"end":{"line":16,"column":43}},"17":{"start":{"line":18,"column":0},"end":{"line":18,"column":38}},"18":{"start":{"line":19,"column":0},"end":{"line":19,"column":3}},"19":{"start":{"line":20,"column":0},"end":{"line":20,"column":17}},"20":{"start":{"line":21,"column":0},"end":{"line":21,"column":20}},"21":{"start":{"line":22,"column":0},"end":{"line":22,"column":73}},"22":{"start":{"line":23,"column":0},"end":{"line":23,"column":4}},"23":{"start":{"line":24,"column":0},"end":{"line":24,"column":3}},"24":{"start":{"line":25,"column":0},"end":{"line":25,"column":15}},"25":{"start":{"line":26,"column":0},"end":{"line":26,"column":18}},"26":{"start":{"line":27,"column":0},"end":{"line":27,"column":73}},"27":{"start":{"line":28,"column":0},"end":{"line":28,"column":4}},"28":{"start":{"line":29,"column":0},"end":{"line":29,"column":3}},"29":{"start":{"line":30,"column":0},"end":{"line":30,"column":21}},"30":{"start":{"line":31,"column":0},"end":{"line":31,"column":20}},"31":{"start":{"line":32,"column":0},"end":{"line":32,"column":73}},"32":{"start":{"line":33,"column":0},"end":{"line":33,"column":4}},"33":{"start":{"line":34,"column":0},"end":{"line":34,"column":3}},"34":{"start":{"line":35,"column":0},"end":{"line":35,"column":17}},"35":{"start":{"line":36,"column":0},"end":{"line":36,"column":22}},"36":{"start":{"line":37,"column":0},"end":{"line":37,"column":73}},"37":{"start":{"line":38,"column":0},"end":{"line":38,"column":4}},"38":{"start":{"line":39,"column":0},"end":{"line":39,"column":3}},"39":{"start":{"line":40,"column":0},"end":{"line":40,"column":21}},"40":{"start":{"line":41,"column":0},"end":{"line":41,"column":21}},"41":{"start":{"line":42,"column":0},"end":{"line":42,"column":73}},"42":{"start":{"line":43,"column":0},"end":{"line":43,"column":4}},"43":{"start":{"line":44,"column":0},"end":{"line":44,"column":3}},"44":{"start":{"line":45,"column":0},"end":{"line":45,"column":21}},"45":{"start":{"line":46,"column":0},"end":{"line":46,"column":22}},"46":{"start":{"line":47,"column":0},"end":{"line":47,"column":73}},"47":{"start":{"line":48,"column":0},"end":{"line":48,"column":4}},"48":{"start":{"line":49,"column":0},"end":{"line":49,"column":3}},"49":{"start":{"line":50,"column":0},"end":{"line":50,"column":23}},"50":{"start":{"line":51,"column":0},"end":{"line":51,"column":18}},"51":{"start":{"line":52,"column":0},"end":{"line":52,"column":73}},"52":{"start":{"line":53,"column":0},"end":{"line":53,"column":4}},"53":{"start":{"line":54,"column":0},"end":{"line":54,"column":3}},"54":{"start":{"line":55,"column":0},"end":{"line":55,"column":25}},"55":{"start":{"line":56,"column":0},"end":{"line":56,"column":18}},"56":{"start":{"line":57,"column":0},"end":{"line":57,"column":73}},"57":{"start":{"line":58,"column":0},"end":{"line":58,"column":4}},"58":{"start":{"line":59,"column":0},"end":{"line":59,"column":3}},"59":{"start":{"line":60,"column":0},"end":{"line":60,"column":23}},"60":{"start":{"line":61,"column":0},"end":{"line":61,"column":18}},"61":{"start":{"line":62,"column":0},"end":{"line":62,"column":73}},"62":{"start":{"line":63,"column":0},"end":{"line":63,"column":4}},"63":{"start":{"line":64,"column":0},"end":{"line":64,"column":3}},"64":{"start":{"line":65,"column":0},"end":{"line":65,"column":22}},"65":{"start":{"line":66,"column":0},"end":{"line":66,"column":19}},"66":{"start":{"line":67,"column":0},"end":{"line":67,"column":73}},"67":{"start":{"line":68,"column":0},"end":{"line":68,"column":4}},"68":{"start":{"line":69,"column":0},"end":{"line":69,"column":2}},"70":{"start":{"line":71,"column":0},"end":{"line":71,"column":52}},"71":{"start":{"line":72,"column":0},"end":{"line":72,"column":54}},"72":{"start":{"line":73,"column":0},"end":{"line":73,"column":1}}},"s":{"13":1,"14":1,"15":1,"17":1,"18":1,"19":1,"20":1,"21":1,"22":1,"23":1,"24":1,"25":1,"26":1,"27":1,"28":1,"29":1,"30":1,"31":1,"32":1,"33":1,"34":1,"35":1,"36":1,"37":1,"38":1,"39":1,"40":1,"41":1,"42":1,"43":1,"44":1,"45":1,"46":1,"47":1,"48":1,"49":1,"50":1,"51":1,"52":1,"53":1,"54":1,"55":1,"56":1,"57":1,"58":1,"59":1,"60":1,"61":1,"62":1,"63":1,"64":1,"65":1,"66":1,"67":1,"68":1,"70":1,"71":12,"72":12},"branchMap":{"0":{"type":"branch","line":71,"loc":{"start":{"line":71,"column":7},"end":{"line":73,"column":1}},"locations":[{"start":{"line":71,"column":7},"end":{"line":73,"column":1}}]},"1":{"type":"branch","line":72,"loc":{"start":{"line":72,"column":39},"end":{"line":72,"column":54}},"locations":[{"start":{"line":72,"column":39},"end":{"line":72,"column":54}}]},"2":{"type":"branch","line":72,"loc":{"start":{"line":72,"column":21},"end":{"line":72,"column":39}},"locations":[{"start":{"line":72,"column":21},"end":{"line":72,"column":39}}]}},"b":{"0":[12],"1":[1],"2":[67]},"fnMap":{"0":{"name":"findCover","decl":{"start":{"line":71,"column":7},"end":{"line":73,"column":1}},"loc":{"start":{"line":71,"column":7},"end":{"line":73,"column":1}},"line":71}},"f":{"0":12}}
,"/Users/atmarcus/Vaults/sageframe-no-kaji-dev/edelmore-diary/src/lib/dates.ts": {"path":"/Users/atmarcus/Vaults/sageframe-no-kaji-dev/edelmore-diary/src/lib/dates.ts","all":false,"statementMap":{"0":{"start":{"line":1,"column":0},"end":{"line":1,"column":49}},"1":{"start":{"line":2,"column":0},"end":{"line":2,"column":51}},"2":{"start":{"line":3,"column":0},"end":{"line":3,"column":39}},"3":{"start":{"line":4,"column":0},"end":{"line":4,"column":69}},"4":{"start":{"line":5,"column":0},"end":{"line":5,"column":1}},"5":{"start":{"line":7,"column":0},"end":{"line":7,"column":36}},"6":{"start":{"line":8,"column":0},"end":{"line":8,"column":47}},"7":{"start":{"line":9,"column":0},"end":{"line":9,"column":1}},"8":{"start":{"line":11,"column":0},"end":{"line":11,"column":50}},"9":{"start":{"line":12,"column":0},"end":{"line":12,"column":41}},"10":{"start":{"line":13,"column":0},"end":{"line":13,"column":35}},"11":{"start":{"line":14,"column":0},"end":{"line":14,"column":38}},"12":{"start":{"line":15,"column":0},"end":{"line":15,"column":1}},"13":{"start":{"line":17,"column":0},"end":{"line":17,"column":50}},"14":{"start":{"line":18,"column":0},"end":{"line":18,"column":41}},"15":{"start":{"line":19,"column":0},"end":{"line":19,"column":35}},"16":{"start":{"line":20,"column":0},"end":{"line":20,"column":38}},"17":{"start":{"line":21,"column":0},"end":{"line":21,"column":1}},"18":{"start":{"line":23,"column":0},"end":{"line":23,"column":56}},"19":{"start":{"line":24,"column":0},"end":{"line":24,"column":41}},"20":{"start":{"line":25,"column":0},"end":{"line":25,"column":40}},"21":{"start":{"line":26,"column":0},"end":{"line":26,"column":20}},"22":{"start":{"line":27,"column":0},"end":{"line":27,"column":20}},"23":{"start":{"line":28,"column":0},"end":{"line":28,"column":18}},"24":{"start":{"line":29,"column":0},"end":{"line":29,"column":19}},"25":{"start":{"line":30,"column":0},"end":{"line":30,"column":20}},"26":{"start":{"line":31,"column":0},"end":{"line":31,"column":5}},"27":{"start":{"line":32,"column":0},"end":{"line":32,"column":1}}},"s":{"0":2,"1":31,"2":24,"3":24,"4":31,"5":2,"6":4,"7":4,"8":2,"9":4,"10":4,"11":4,"12":4,"13":2,"14":4,"15":4,"16":4,"17":4,"18":2,"19":19,"20":19,"21":19,"22":19,"23":19,"24":19,"25":19,"26":19,"27":19},"branchMap":{"0":{"type":"branch","line":23,"loc":{"start":{"line":23,"column":7},"end":{"line":32,"column":1}},"locations":[{"start":{"line":23,"column":7},"end":{"line":32,"column":1}}]},"1":{"type":"branch","line":1,"loc":{"start":{"line":1,"column":7},"end":{"line":5,"column":1}},"locations":[{"start":{"line":1,"column":7},"end":{"line":5,"column":1}}]},"2":{"type":"branch","line":2,"loc":{"start":{"line":2,"column":38},"end":{"line":2,"column":51}},"locations":[{"start":{"line":2,"column":38},"end":{"line":2,"column":51}}]},"3":{"type":"branch","line":2,"loc":{"start":{"line":2,"column":45},"end":{"line":4,"column":69}},"locations":[{"start":{"line":2,"column":45},"end":{"line":4,"column":69}}]},"4":{"type":"branch","line":7,"loc":{"start":{"line":7,"column":7},"end":{"line":9,"column":1}},"locations":[{"start":{"line":7,"column":7},"end":{"line":9,"column":1}}]},"5":{"type":"branch","line":11,"loc":{"start":{"line":11,"column":7},"end":{"line":15,"column":1}},"locations":[{"start":{"line":11,"column":7},"end":{"line":15,"column":1}}]},"6":{"type":"branch","line":17,"loc":{"start":{"line":17,"column":7},"end":{"line":21,"column":1}},"locations":[{"start":{"line":17,"column":7},"end":{"line":21,"column":1}}]}},"b":{"0":[19],"1":[31],"2":[7],"3":[24],"4":[4],"5":[4],"6":[4]},"fnMap":{"0":{"name":"isValidDate","decl":{"start":{"line":1,"column":7},"end":{"line":5,"column":1}},"loc":{"start":{"line":1,"column":7},"end":{"line":5,"column":1}},"line":1},"1":{"name":"todayIso","decl":{"start":{"line":7,"column":7},"end":{"line":9,"column":1}},"loc":{"start":{"line":7,"column":7},"end":{"line":9,"column":1}},"line":7},"2":{"name":"getPrevDate","decl":{"start":{"line":11,"column":7},"end":{"line":15,"column":1}},"loc":{"start":{"line":11,"column":7},"end":{"line":15,"column":1}},"line":11},"3":{"name":"getNextDate","decl":{"start":{"line":17,"column":7},"end":{"line":21,"column":1}},"loc":{"start":{"line":17,"column":7},"end":{"line":21,"column":1}},"line":17},"4":{"name":"formatDisplayDate","decl":{"start":{"line":23,"column":7},"end":{"line":32,"column":1}},"loc":{"start":{"line":23,"column":7},"end":{"line":32,"column":1}},"line":23}},"f":{"0":31,"1":4,"2":4,"3":4,"4":19}}
,"/Users/atmarcus/Vaults/sageframe-no-kaji-dev/edelmore-diary/src/lib/db.ts": {"path":"/Users/atmarcus/Vaults/sageframe-no-kaji-dev/edelmore-diary/src/lib/db.ts","all":false,"statementMap":{"0":{"start":{"line":1,"column":0},"end":{"line":1,"column":43}},"27":{"start":{"line":28,"column":0},"end":{"line":28,"column":50}},"28":{"start":{"line":29,"column":0},"end":{"line":29,"column":37}},"29":{"start":{"line":30,"column":0},"end":{"line":30,"column":18}},"30":{"start":{"line":31,"column":0},"end":{"line":31,"column":12}},"31":{"start":{"line":32,"column":0},"end":{"line":32,"column":1}},"33":{"start":{"line":34,"column":0},"end":{"line":34,"column":49}},"34":{"start":{"line":35,"column":0},"end":{"line":35,"column":11}},"57":{"start":{"line":58,"column":0},"end":{"line":58,"column":5}},"58":{"start":{"line":59,"column":0},"end":{"line":59,"column":1}},"60":{"start":{"line":61,"column":0},"end":{"line":61,"column":85}},"61":{"start":{"line":62,"column":0},"end":{"line":62,"column":96}},"62":{"start":{"line":63,"column":0},"end":{"line":63,"column":1}},"64":{"start":{"line":65,"column":0},"end":{"line":65,"column":28}},"65":{"start":{"line":66,"column":0},"end":{"line":66,"column":15}},"66":{"start":{"line":67,"column":0},"end":{"line":67,"column":12}},"67":{"start":{"line":68,"column":0},"end":{"line":68,"column":67}},"68":{"start":{"line":69,"column":0},"end":{"line":69,"column":87}},"71":{"start":{"line":72,"column":0},"end":{"line":72,"column":1}},"73":{"start":{"line":74,"column":0},"end":{"line":74,"column":85}},"74":{"start":{"line":75,"column":0},"end":{"line":75,"column":19}},"75":{"start":{"line":76,"column":0},"end":{"line":76,"column":68}},"76":{"start":{"line":77,"column":0},"end":{"line":77,"column":28}},"77":{"start":{"line":78,"column":0},"end":{"line":78,"column":42}},"78":{"start":{"line":79,"column":0},"end":{"line":79,"column":1}},"80":{"start":{"line":81,"column":0},"end":{"line":81,"column":50}},"81":{"start":{"line":82,"column":0},"end":{"line":82,"column":94}},"82":{"start":{"line":83,"column":0},"end":{"line":83,"column":1}},"84":{"start":{"line":85,"column":0},"end":{"line":85,"column":77}},"85":{"start":{"line":86,"column":0},"end":{"line":86,"column":86}},"89":{"start":{"line":90,"column":0},"end":{"line":90,"column":1}},"91":{"start":{"line":92,"column":0},"end":{"line":92,"column":75}},"92":{"start":{"line":93,"column":0},"end":{"line":93,"column":11}},"93":{"start":{"line":94,"column":0},"end":{"line":94,"column":84}},"94":{"start":{"line":95,"column":0},"end":{"line":95,"column":36}},"95":{"start":{"line":96,"column":0},"end":{"line":96,"column":1}},"97":{"start":{"line":98,"column":0},"end":{"line":98,"column":98}},"98":{"start":{"line":99,"column":0},"end":{"line":99,"column":84}},"99":{"start":{"line":100,"column":0},"end":{"line":100,"column":7}},"100":{"start":{"line":101,"column":0},"end":{"line":101,"column":11}},"101":{"start":{"line":102,"column":0},"end":{"line":102,"column":13}},"102":{"start":{"line":103,"column":0},"end":{"line":103,"column":4}},"103":{"start":{"line":104,"column":0},"end":{"line":104,"column":1}},"105":{"start":{"line":106,"column":0},"end":{"line":106,"column":88}},"106":{"start":{"line":107,"column":0},"end":{"line":107,"column":83}},"107":{"start":{"line":108,"column":0},"end":{"line":108,"column":1}},"109":{"start":{"line":110,"column":0},"end":{"line":110,"column":63}},"110":{"start":{"line":111,"column":0},"end":{"line":111,"column":58}},"111":{"start":{"line":112,"column":0},"end":{"line":112,"column":1}},"113":{"start":{"line":114,"column":0},"end":{"line":114,"column":94}},"114":{"start":{"line":115,"column":0},"end":{"line":115,"column":11}},"115":{"start":{"line":116,"column":0},"end":{"line":116,"column":74}},"116":{"start":{"line":117,"column":0},"end":{"line":117,"column":49}},"117":{"start":{"line":118,"column":0},"end":{"line":118,"column":1}},"119":{"start":{"line":120,"column":0},"end":{"line":120,"column":28}},"120":{"start":{"line":121,"column":0},"end":{"line":121,"column":15}},"121":{"start":{"line":122,"column":0},"end":{"line":122,"column":17}},"122":{"start":{"line":123,"column":0},"end":{"line":123,"column":20}},"123":{"start":{"line":124,"column":0},"end":{"line":124,"column":17}},"124":{"start":{"line":125,"column":0},"end":{"line":125,"column":9}},"125":{"start":{"line":126,"column":0},"end":{"line":126,"column":13}},"126":{"start":{"line":127,"column":0},"end":{"line":127,"column":67}},"130":{"start":{"line":131,"column":0},"end":{"line":131,"column":36}},"131":{"start":{"line":132,"column":0},"end":{"line":132,"column":1}},"133":{"start":{"line":134,"column":0},"end":{"line":134,"column":72}},"134":{"start":{"line":135,"column":0},"end":{"line":135,"column":10}},"135":{"start":{"line":136,"column":0},"end":{"line":136,"column":6}},"136":{"start":{"line":137,"column":0},"end":{"line":137,"column":91}},"137":{"start":{"line":138,"column":0},"end":{"line":138,"column":46}},"138":{"start":{"line":139,"column":0},"end":{"line":139,"column":29}},"139":{"start":{"line":140,"column":0},"end":{"line":140,"column":1}},"146":{"start":{"line":147,"column":0},"end":{"line":147,"column":59}},"147":{"start":{"line":148,"column":0},"end":{"line":148,"column":55}},"148":{"start":{"line":149,"column":0},"end":{"line":149,"column":47}},"149":{"start":{"line":150,"column":0},"end":{"line":150,"column":38}},"150":{"start":{"line":151,"column":0},"end":{"line":151,"column":1}},"152":{"start":{"line":153,"column":0},"end":{"line":153,"column":88}},"153":{"start":{"line":154,"column":0},"end":{"line":154,"column":80}},"154":{"start":{"line":155,"column":0},"end":{"line":155,"column":1}},"156":{"start":{"line":157,"column":0},"end":{"line":157,"column":42}},"157":{"start":{"line":158,"column":0},"end":{"line":158,"column":15}},"158":{"start":{"line":159,"column":0},"end":{"line":159,"column":17}},"159":{"start":{"line":160,"column":0},"end":{"line":160,"column":39}},"160":{"start":{"line":161,"column":0},"end":{"line":161,"column":23}},"161":{"start":{"line":162,"column":0},"end":{"line":162,"column":51}},"162":{"start":{"line":163,"column":0},"end":{"line":163,"column":17}},"163":{"start":{"line":164,"column":0},"end":{"line":164,"column":13}},"164":{"start":{"line":165,"column":0},"end":{"line":165,"column":94}},"165":{"start":{"line":166,"column":0},"end":{"line":166,"column":5}},"166":{"start":{"line":167,"column":0},"end":{"line":167,"column":62}},"167":{"start":{"line":168,"column":0},"end":{"line":168,"column":27}},"168":{"start":{"line":169,"column":0},"end":{"line":169,"column":29}},"169":{"start":{"line":170,"column":0},"end":{"line":170,"column":41}},"170":{"start":{"line":171,"column":0},"end":{"line":171,"column":6}},"171":{"start":{"line":172,"column":0},"end":{"line":172,"column":1}}},"s":{"0":1,"27":1,"28":93,"29":93,"30":93,"31":93,"33":1,"34":94,"57":94,"58":94,"60":1,"61":8,"62":8,"64":1,"65":7,"66":7,"67":7,"68":7,"71":7,"73":1,"74":85,"75":85,"76":85,"77":85,"78":85,"80":1,"81":4,"82":4,"84":1,"85":5,"89":5,"91":1,"92":12,"93":12,"94":12,"95":12,"97":1,"98":9,"99":9,"100":9,"101":9,"102":9,"103":9,"105":1,"106":3,"107":3,"109":1,"110":3,"111":3,"113":1,"114":19,"115":19,"116":19,"117":19,"119":1,"120":36,"121":36,"122":36,"123":36,"124":36,"125":36,"126":36,"130":36,"131":36,"133":1,"134":13,"135":13,"136":13,"137":13,"138":13,"139":13,"146":1,"147":29,"148":29,"149":2,"150":2,"152":1,"153":13,"154":13,"156":1,"157":21,"158":21,"159":21,"160":21,"161":21,"162":21,"163":21,"164":21,"165":21,"166":21,"167":21,"168":24,"169":24,"170":21,"171":21},"branchMap":{"0":{"type":"branch","line":28,"loc":{"start":{"line":28,"column":7},"end":{"line":32,"column":1}},"locations":[{"start":{"line":28,"column":7},"end":{"line":32,"column":1}}]},"1":{"type":"branch","line":34,"loc":{"start":{"line":34,"column":7},"end":{"line":59,"column":1}},"locations":[{"start":{"line":34,"column":7},"end":{"line":59,"column":1}}]},"2":{"type":"branch","line":61,"loc":{"start":{"line":61,"column":7},"end":{"line":63,"column":1}},"locations":[{"start":{"line":61,"column":7},"end":{"line":63,"column":1}}]},"3":{"type":"branch","line":65,"loc":{"start":{"line":65,"column":7},"end":{"line":72,"column":1}},"locations":[{"start":{"line":65,"column":7},"end":{"line":72,"column":1}}]},"4":{"type":"branch","line":74,"loc":{"start":{"line":74,"column":7},"end":{"line":79,"column":1}},"locations":[{"start":{"line":74,"column":7},"end":{"line":79,"column":1}}]},"5":{"type":"branch","line":81,"loc":{"start":{"line":81,"column":7},"end":{"line":83,"column":1}},"locations":[{"start":{"line":81,"column":7},"end":{"line":83,"column":1}}]},"6":{"type":"branch","line":85,"loc":{"start":{"line":85,"column":7},"end":{"line":90,"column":1}},"locations":[{"start":{"line":85,"column":7},"end":{"line":90,"column":1}}]},"7":{"type":"branch","line":92,"loc":{"start":{"line":92,"column":7},"end":{"line":96,"column":1}},"locations":[{"start":{"line":92,"column":7},"end":{"line":96,"column":1}}]},"8":{"type":"branch","line":98,"loc":{"start":{"line":98,"column":7},"end":{"line":104,"column":1}},"locations":[{"start":{"line":98,"column":7},"end":{"line":104,"column":1}}]},"9":{"type":"branch","line":106,"loc":{"start":{"line":106,"column":7},"end":{"line":108,"column":1}},"locations":[{"start":{"line":106,"column":7},"end":{"line":108,"column":1}}]},"10":{"type":"branch","line":110,"loc":{"start":{"line":110,"column":7},"end":{"line":112,"column":1}},"locations":[{"start":{"line":110,"column":7},"end":{"line":112,"column":1}}]},"11":{"type":"branch","line":114,"loc":{"start":{"line":114,"column":7},"end":{"line":118,"column":1}},"locations":[{"start":{"line":114,"column":7},"end":{"line":118,"column":1}}]},"12":{"type":"branch","line":120,"loc":{"start":{"line":120,"column":7},"end":{"line":132,"column":1}},"locations":[{"start":{"line":120,"column":7},"end":{"line":132,"column":1}}]},"13":{"type":"branch","line":134,"loc":{"start":{"line":134,"column":7},"end":{"line":140,"column":1}},"locations":[{"start":{"line":134,"column":7},"end":{"line":140,"column":1}}]},"14":{"type":"branch","line":139,"loc":{"start":{"line":139,"column":8},"end":{"line":139,"column":27}},"locations":[{"start":{"line":139,"column":8},"end":{"line":139,"column":27}}]},"15":{"type":"branch","line":147,"loc":{"start":{"line":147,"column":7},"end":{"line":151,"column":1}},"locations":[{"start":{"line":147,"column":7},"end":{"line":151,"column":1}}]},"16":{"type":"branch","line":149,"loc":{"start":{"line":149,"column":30},"end":{"line":149,"column":47}},"locations":[{"start":{"line":149,"column":30},"end":{"line":149,"column":47}}]},"17":{"type":"branch","line":149,"loc":{"start":{"line":149,"column":37},"end":{"line":151,"column":1}},"locations":[{"start":{"line":149,"column":37},"end":{"line":151,"column":1}}]},"18":{"type":"branch","line":153,"loc":{"start":{"line":153,"column":7},"end":{"line":155,"column":1}},"locations":[{"start":{"line":153,"column":7},"end":{"line":155,"column":1}}]},"19":{"type":"branch","line":157,"loc":{"start":{"line":157,"column":7},"end":{"line":172,"column":1}},"locations":[{"start":{"line":157,"column":7},"end":{"line":172,"column":1}}]},"20":{"type":"branch","line":162,"loc":{"start":{"line":162,"column":24},"end":{"line":162,"column":44}},"locations":[{"start":{"line":162,"column":24},"end":{"line":162,"column":44}}]},"21":{"type":"branch","line":162,"loc":{"start":{"line":162,"column":36},"end":{"line":162,"column":51}},"locations":[{"start":{"line":162,"column":36},"end":{"line":162,"column":51}}]},"22":{"type":"branch","line":168,"loc":{"start":{"line":168,"column":18},"end":{"line":171,"column":4}},"locations":[{"start":{"line":168,"column":18},"end":{"line":171,"column":4}}]}},"b":{"0":[93],"1":[94],"2":[8],"3":[7],"4":[85],"5":[4],"6":[5],"7":[12],"8":[9],"9":[3],"10":[3],"11":[19],"12":[36],"13":[13],"14":[15],"15":[29],"16":[27],"17":[2],"18":[13],"19":[21],"20":[14],"21":[7],"22":[24]},"fnMap":{"0":{"name":"createDb","decl":{"start":{"line":28,"column":7},"end":{"line":32,"column":1}},"loc":{"start":{"line":28,"column":7},"end":{"line":32,"column":1}},"line":28},"1":{"name":"applySchema","decl":{"start":{"line":34,"column":7},"end":{"line":59,"column":1}},"loc":{"start":{"line":34,"column":7},"end":{"line":59,"column":1}},"line":34},"2":{"name":"getUserByUsername","decl":{"start":{"line":61,"column":7},"end":{"line":63,"column":1}},"loc":{"start":{"line":61,"column":7},"end":{"line":63,"column":1}},"line":61},"3":{"name":"getUserById","decl":{"start":{"line":65,"column":7},"end":{"line":72,"column":1}},"loc":{"start":{"line":65,"column":7},"end":{"line":72,"column":1}},"line":65},"4":{"name":"createUser","decl":{"start":{"line":74,"column":7},"end":{"line":79,"column":1}},"loc":{"start":{"line":74,"column":7},"end":{"line":79,"column":1}},"line":74},"5":{"name":"countUsers","decl":{"start":{"line":81,"column":7},"end":{"line":83,"column":1}},"loc":{"start":{"line":81,"column":7},"end":{"line":83,"column":1}},"line":81},"6":{"name":"listUsers","decl":{"start":{"line":85,"column":7},"end":{"line":90,"column":1}},"loc":{"start":{"line":85,"column":7},"end":{"line":90,"column":1}},"line":85},"7":{"name":"getSession","decl":{"start":{"line":92,"column":7},"end":{"line":96,"column":1}},"loc":{"start":{"line":92,"column":7},"end":{"line":96,"column":1}},"line":92},"8":{"name":"createSession","decl":{"start":{"line":98,"column":7},"end":{"line":104,"column":1}},"loc":{"start":{"line":98,"column":7},"end":{"line":104,"column":1}},"line":98},"9":{"name":"updateSessionExpiry","decl":{"start":{"line":106,"column":7},"end":{"line":108,"column":1}},"loc":{"start":{"line":106,"column":7},"end":{"line":108,"column":1}},"line":106},"10":{"name":"deleteSession","decl":{"start":{"line":110,"column":7},"end":{"line":112,"column":1}},"loc":{"start":{"line":110,"column":7},"end":{"line":112,"column":1}},"line":110},"11":{"name":"getEntry","decl":{"start":{"line":114,"column":7},"end":{"line":118,"column":1}},"loc":{"start":{"line":114,"column":7},"end":{"line":118,"column":1}},"line":114},"12":{"name":"upsertEntry","decl":{"start":{"line":120,"column":7},"end":{"line":132,"column":1}},"loc":{"start":{"line":120,"column":7},"end":{"line":132,"column":1}},"line":120},"13":{"name":"listEntryDates","decl":{"start":{"line":134,"column":7},"end":{"line":140,"column":1}},"loc":{"start":{"line":134,"column":7},"end":{"line":140,"column":1}},"line":134},"14":{"name":"makeEntryPreview","decl":{"start":{"line":147,"column":7},"end":{"line":151,"column":1}},"loc":{"start":{"line":147,"column":7},"end":{"line":151,"column":1}},"line":147},"15":{"name":"updateUserCoverId","decl":{"start":{"line":153,"column":7},"end":{"line":155,"column":1}},"loc":{"start":{"line":153,"column":7},"end":{"line":155,"column":1}},"line":153},"16":{"name":"listEntryDatesWithPreview","decl":{"start":{"line":157,"column":7},"end":{"line":172,"column":1}},"loc":{"start":{"line":157,"column":7},"end":{"line":172,"column":1}},"line":157}},"f":{"0":93,"1":94,"2":8,"3":7,"4":85,"5":4,"6":5,"7":12,"8":9,"9":3,"10":3,"11":19,"12":36,"13":13,"14":29,"15":13,"16":21}}
,"/Users/atmarcus/Vaults/sageframe-no-kaji-dev/edelmore-diary/src/lib/overflow.ts": {"path":"/Users/atmarcus/Vaults/sageframe-no-kaji-dev/edelmore-diary/src/lib/overflow.ts","all":false,"statementMap":{"4":{"start":{"line":5,"column":0},"end":{"line":5,"column":90}},"5":{"start":{"line":6,"column":0},"end":{"line":6,"column":53}},"6":{"start":{"line":7,"column":0},"end":{"line":7,"column":13}},"7":{"start":{"line":8,"column":0},"end":{"line":8,"column":26}},"8":{"start":{"line":9,"column":0},"end":{"line":9,"column":19}},"9":{"start":{"line":10,"column":0},"end":{"line":10,"column":35}},"10":{"start":{"line":11,"column":0},"end":{"line":11,"column":23}},"11":{"start":{"line":12,"column":0},"end":{"line":12,"column":15}},"12":{"start":{"line":13,"column":0},"end":{"line":13,"column":12}},"13":{"start":{"line":14,"column":0},"end":{"line":14,"column":19}},"14":{"start":{"line":15,"column":0},"end":{"line":15,"column":5}},"15":{"start":{"line":16,"column":0},"end":{"line":16,"column":3}},"16":{"start":{"line":17,"column":0},"end":{"line":17,"column":12}},"17":{"start":{"line":18,"column":0},"end":{"line":18,"column":1}},"24":{"start":{"line":25,"column":0},"end":{"line":25,"column":75}},"25":{"start":{"line":26,"column":0},"end":{"line":26,"column":43}},"26":{"start":{"line":27,"column":0},"end":{"line":27,"column":47}},"27":{"start":{"line":28,"column":0},"end":{"line":28,"column":43}},"28":{"start":{"line":29,"column":0},"end":{"line":29,"column":45}},"29":{"start":{"line":30,"column":0},"end":{"line":30,"column":43}},"30":{"start":{"line":31,"column":0},"end":{"line":31,"column":31}},"31":{"start":{"line":32,"column":0},"end":{"line":32,"column":29}},"32":{"start":{"line":33,"column":0},"end":{"line":33,"column":29}},"33":{"start":{"line":34,"column":0},"end":{"line":34,"column":28}},"34":{"start":{"line":35,"column":0},"end":{"line":35,"column":4}},"35":{"start":{"line":36,"column":0},"end":{"line":36,"column":47}},"36":{"start":{"line":37,"column":0},"end":{"line":37,"column":44}},"37":{"start":{"line":38,"column":0},"end":{"line":38,"column":43}},"38":{"start":{"line":39,"column":0},"end":{"line":39,"column":17}},"39":{"start":{"line":40,"column":0},"end":{"line":40,"column":1}},"48":{"start":{"line":49,"column":0},"end":{"line":49,"column":31}},"49":{"start":{"line":50,"column":0},"end":{"line":50,"column":18}},"50":{"start":{"line":51,"column":0},"end":{"line":51,"column":17}},"51":{"start":{"line":52,"column":0},"end":{"line":52,"column":18}},"52":{"start":{"line":53,"column":0},"end":{"line":53,"column":41}},"53":{"start":{"line":54,"column":0},"end":{"line":54,"column":11}},"54":{"start":{"line":55,"column":0},"end":{"line":55,"column":40}},"56":{"start":{"line":57,"column":0},"end":{"line":57,"column":23}},"59":{"start":{"line":60,"column":0},"end":{"line":60,"column":48}},"60":{"start":{"line":61,"column":0},"end":{"line":61,"column":47}},"61":{"start":{"line":62,"column":0},"end":{"line":62,"column":22}},"62":{"start":{"line":63,"column":0},"end":{"line":63,"column":55}},"63":{"start":{"line":64,"column":0},"end":{"line":64,"column":48}},"64":{"start":{"line":65,"column":0},"end":{"line":65,"column":36}},"65":{"start":{"line":66,"column":0},"end":{"line":66,"column":37}},"66":{"start":{"line":67,"column":0},"end":{"line":67,"column":5}},"67":{"start":{"line":68,"column":0},"end":{"line":68,"column":3}},"70":{"start":{"line":71,"column":0},"end":{"line":71,"column":61}},"71":{"start":{"line":72,"column":0},"end":{"line":72,"column":43}},"72":{"start":{"line":73,"column":0},"end":{"line":73,"column":85}},"73":{"start":{"line":74,"column":0},"end":{"line":74,"column":56}},"74":{"start":{"line":75,"column":0},"end":{"line":75,"column":52}},"75":{"start":{"line":76,"column":0},"end":{"line":76,"column":52}},"76":{"start":{"line":77,"column":0},"end":{"line":77,"column":61}},"77":{"start":{"line":78,"column":0},"end":{"line":78,"column":35}},"78":{"start":{"line":79,"column":0},"end":{"line":79,"column":3}},"80":{"start":{"line":81,"column":0},"end":{"line":81,"column":16}},"81":{"start":{"line":82,"column":0},"end":{"line":82,"column":1}}},"s":{"4":1,"5":7,"6":5,"7":5,"8":7,"9":16,"10":16,"11":4,"12":16,"13":12,"14":12,"15":16,"16":5,"17":5,"24":1,"25":7,"26":7,"27":7,"28":5,"29":7,"30":4,"31":4,"32":4,"33":4,"34":4,"35":7,"36":3,"37":7,"38":1,"39":1,"48":1,"49":6,"50":6,"51":6,"52":6,"53":6,"54":6,"56":5,"59":5,"60":5,"61":6,"62":4,"63":4,"64":2,"65":2,"66":2,"67":4,"70":5,"71":5,"72":6,"73":6,"74":4,"75":4,"76":4,"77":4,"78":4,"80":5,"81":5},"branchMap":{"0":{"type":"branch","line":5,"loc":{"start":{"line":5,"column":7},"end":{"line":18,"column":1}},"locations":[{"start":{"line":5,"column":7},"end":{"line":18,"column":1}}]},"1":{"type":"branch","line":6,"loc":{"start":{"line":6,"column":31},"end":{"line":6,"column":53}},"locations":[{"start":{"line":6,"column":31},"end":{"line":6,"column":53}}]},"2":{"type":"branch","line":6,"loc":{"start":{"line":6,"column":46},"end":{"line":9,"column":18}},"locations":[{"start":{"line":6,"column":46},"end":{"line":9,"column":18}}]},"3":{"type":"branch","line":9,"loc":{"start":{"line":9,"column":18},"end":{"line":16,"column":3}},"locations":[{"start":{"line":9,"column":18},"end":{"line":16,"column":3}}]},"4":{"type":"branch","line":11,"loc":{"start":{"line":11,"column":22},"end":{"line":13,"column":11}},"locations":[{"start":{"line":11,"column":22},"end":{"line":13,"column":11}}]},"5":{"type":"branch","line":13,"loc":{"start":{"line":13,"column":4},"end":{"line":15,"column":5}},"locations":[{"start":{"line":13,"column":4},"end":{"line":15,"column":5}}]},"6":{"type":"branch","line":16,"loc":{"start":{"line":16,"column":2},"end":{"line":18,"column":1}},"locations":[{"start":{"line":16,"column":2},"end":{"line":18,"column":1}}]},"7":{"type":"branch","line":25,"loc":{"start":{"line":25,"column":7},"end":{"line":40,"column":1}},"locations":[{"start":{"line":25,"column":7},"end":{"line":40,"column":1}}]},"8":{"type":"branch","line":28,"loc":{"start":{"line":28,"column":22},"end":{"line":28,"column":43}},"locations":[{"start":{"line":28,"column":22},"end":{"line":28,"column":43}}]},"9":{"type":"branch","line":28,"loc":{"start":{"line":28,"column":41},"end":{"line":30,"column":29}},"locations":[{"start":{"line":28,"column":41},"end":{"line":30,"column":29}}]},"10":{"type":"branch","line":30,"loc":{"start":{"line":30,"column":22},"end":{"line":30,"column":43}},"locations":[{"start":{"line":30,"column":22},"end":{"line":30,"column":43}}]},"11":{"type":"branch","line":30,"loc":{"start":{"line":30,"column":41},"end":{"line":36,"column":31}},"locations":[{"start":{"line":30,"column":41},"end":{"line":36,"column":31}}]},"12":{"type":"branch","line":36,"loc":{"start":{"line":36,"column":24},"end":{"line":36,"column":47}},"locations":[{"start":{"line":36,"column":24},"end":{"line":36,"column":47}}]},"13":{"type":"branch","line":36,"loc":{"start":{"line":36,"column":45},"end":{"line":38,"column":29}},"locations":[{"start":{"line":36,"column":45},"end":{"line":38,"column":29}}]},"14":{"type":"branch","line":38,"loc":{"start":{"line":38,"column":22},"end":{"line":38,"column":43}},"locations":[{"start":{"line":38,"column":22},"end":{"line":38,"column":43}}]},"15":{"type":"branch","line":38,"loc":{"start":{"line":38,"column":41},"end":{"line":40,"column":1}},"locations":[{"start":{"line":38,"column":41},"end":{"line":40,"column":1}}]},"16":{"type":"branch","line":49,"loc":{"start":{"line":49,"column":7},"end":{"line":82,"column":1}},"locations":[{"start":{"line":49,"column":7},"end":{"line":82,"column":1}}]},"17":{"type":"branch","line":55,"loc":{"start":{"line":55,"column":25},"end":{"line":55,"column":40}},"locations":[{"start":{"line":55,"column":25},"end":{"line":55,"column":40}}]},"18":{"type":"branch","line":55,"loc":{"start":{"line":55,"column":32},"end":{"line":62,"column":21}},"locations":[{"start":{"line":55,"column":32},"end":{"line":62,"column":21}}]},"19":{"type":"branch","line":62,"loc":{"start":{"line":62,"column":21},"end":{"line":68,"column":3}},"locations":[{"start":{"line":62,"column":21},"end":{"line":68,"column":3}}]},"20":{"type":"branch","line":64,"loc":{"start":{"line":64,"column":22},"end":{"line":64,"column":47}},"locations":[{"start":{"line":64,"column":22},"end":{"line":64,"column":47}}]},"21":{"type":"branch","line":64,"loc":{"start":{"line":64,"column":47},"end":{"line":67,"column":5}},"locations":[{"start":{"line":64,"column":47},"end":{"line":67,"column":5}}]},"22":{"type":"branch","line":68,"loc":{"start":{"line":68,"column":2},"end":{"line":73,"column":36}},"locations":[{"start":{"line":68,"column":2},"end":{"line":73,"column":36}}]},"23":{"type":"branch","line":73,"loc":{"start":{"line":73,"column":32},"end":{"line":73,"column":65}},"locations":[{"start":{"line":73,"column":32},"end":{"line":73,"column":65}}]},"24":{"type":"branch","line":73,"loc":{"start":{"line":73,"column":61},"end":{"line":73,"column":75}},"locations":[{"start":{"line":73,"column":61},"end":{"line":73,"column":75}}]},"25":{"type":"branch","line":74,"loc":{"start":{"line":74,"column":25},"end":{"line":74,"column":55}},"locations":[{"start":{"line":74,"column":25},"end":{"line":74,"column":55}}]},"26":{"type":"branch","line":74,"loc":{"start":{"line":74,"column":55},"end":{"line":79,"column":3}},"locations":[{"start":{"line":74,"column":55},"end":{"line":79,"column":3}}]},"27":{"type":"branch","line":77,"loc":{"start":{"line":77,"column":29},"end":{"line":77,"column":54}},"locations":[{"start":{"line":77,"column":29},"end":{"line":77,"column":54}}]},"28":{"type":"branch","line":77,"loc":{"start":{"line":77,"column":42},"end":{"line":77,"column":61}},"locations":[{"start":{"line":77,"column":42},"end":{"line":77,"column":61}}]},"29":{"type":"branch","line":78,"loc":{"start":{"line":78,"column":22},"end":{"line":78,"column":35}},"locations":[{"start":{"line":78,"column":22},"end":{"line":78,"column":35}}]},"30":{"type":"branch","line":79,"loc":{"start":{"line":79,"column":2},"end":{"line":82,"column":1}},"locations":[{"start":{"line":79,"column":2},"end":{"line":82,"column":1}}]}},"b":{"0":[7],"1":[2],"2":[5],"3":[16],"4":[4],"5":[12],"6":[5],"7":[7],"8":[2],"9":[5],"10":[1],"11":[4],"12":[1],"13":[3],"14":[2],"15":[1],"16":[6],"17":[1],"18":[5],"19":[4],"20":[3],"21":[2],"22":[5],"23":[0],"24":[5],"25":[5],"26":[4],"27":[1],"28":[3],"29":[1],"30":[5]},"fnMap":{"0":{"name":"findSplitIndex","decl":{"start":{"line":5,"column":7},"end":{"line":18,"column":1}},"loc":{"start":{"line":5,"column":7},"end":{"line":18,"column":1}},"line":5},"1":{"name":"snapToWordBreak","decl":{"start":{"line":25,"column":7},"end":{"line":40,"column":1}},"loc":{"start":{"line":25,"column":7},"end":{"line":40,"column":1}},"line":25},"2":{"name":"fixWidowOrphan","decl":{"start":{"line":49,"column":7},"end":{"line":82,"column":1}},"loc":{"start":{"line":49,"column":7},"end":{"line":82,"column":1}},"line":49}},"f":{"0":7,"1":7,"2":6}}
,"/Users/atmarcus/Vaults/sageframe-no-kaji-dev/edelmore-diary/src/lib/seed.ts": {"path":"/Users/atmarcus/Vaults/sageframe-no-kaji-dev/edelmore-diary/src/lib/seed.ts","all":false,"statementMap":{"1":{"start":{"line":2,"column":0},"end":{"line":2,"column":37}},"3":{"start":{"line":4,"column":0},"end":{"line":4,"column":52}},"4":{"start":{"line":5,"column":0},"end":{"line":5,"column":30}},"5":{"start":{"line":6,"column":0},"end":{"line":6,"column":1}}},"s":{"1":1,"3":1,"4":2,"5":2},"branchMap":{"0":{"type":"branch","line":4,"loc":{"start":{"line":4,"column":7},"end":{"line":6,"column":1}},"locations":[{"start":{"line":4,"column":7},"end":{"line":6,"column":1}}]}},"b":{"0":[2]},"fnMap":{"0":{"name":"seedIfEmpty","decl":{"start":{"line":4,"column":7},"end":{"line":6,"column":1}},"loc":{"start":{"line":4,"column":7},"end":{"line":6,"column":1}},"line":4}},"f":{"0":2}}
,"/Users/atmarcus/Vaults/sageframe-no-kaji-dev/edelmore-diary/src/routes/(authenticated)/+layout.server.ts": {"path":"/Users/atmarcus/Vaults/sageframe-no-kaji-dev/edelmore-diary/src/routes/(authenticated)/+layout.server.ts","all":false,"statementMap":{"0":{"start":{"line":1,"column":0},"end":{"line":1,"column":41}},"3":{"start":{"line":4,"column":0},"end":{"line":4,"column":61}},"4":{"start":{"line":5,"column":0},"end":{"line":5,"column":44}},"5":{"start":{"line":6,"column":0},"end":{"line":6,"column":31}},"6":{"start":{"line":7,"column":0},"end":{"line":7,"column":2}}},"s":{"0":1,"3":1,"4":2,"5":1,"6":1},"branchMap":{"0":{"type":"branch","line":4,"loc":{"start":{"line":4,"column":38},"end":{"line":7,"column":2}},"locations":[{"start":{"line":4,"column":38},"end":{"line":7,"column":2}}]},"1":{"type":"branch","line":5,"loc":{"start":{"line":5,"column":20},"end":{"line":7,"column":2}},"locations":[{"start":{"line":5,"column":20},"end":{"line":7,"column":2}}]}},"b":{"0":[2],"1":[1]},"fnMap":{"0":{"name":"load","decl":{"start":{"line":4,"column":38},"end":{"line":7,"column":2}},"loc":{"start":{"line":4,"column":38},"end":{"line":7,"column":2}},"line":4}},"f":{"0":2}}
,"/Users/atmarcus/Vaults/sageframe-no-kaji-dev/edelmore-diary/src/routes/(authenticated)/+page.server.ts": {"path":"/Users/atmarcus/Vaults/sageframe-no-kaji-dev/edelmore-diary/src/routes/(authenticated)/+page.server.ts","all":false,"statementMap":{"0":{"start":{"line":1,"column":0},"end":{"line":1,"column":55}},"3":{"start":{"line":4,"column":0},"end":{"line":4,"column":59}},"5":{"start":{"line":6,"column":0},"end":{"line":6,"column":33}},"6":{"start":{"line":7,"column":0},"end":{"line":7,"column":10}},"7":{"start":{"line":8,"column":0},"end":{"line":8,"column":89}},"8":{"start":{"line":9,"column":0},"end":{"line":9,"column":4}},"9":{"start":{"line":10,"column":0},"end":{"line":10,"column":2}}},"s":{"0":1,"3":1,"5":2,"6":2,"7":2,"8":2,"9":2},"branchMap":{"0":{"type":"branch","line":4,"loc":{"start":{"line":4,"column":36},"end":{"line":10,"column":2}},"locations":[{"start":{"line":4,"column":36},"end":{"line":10,"column":2}}]}},"b":{"0":[2]},"fnMap":{"0":{"name":"load","decl":{"start":{"line":4,"column":36},"end":{"line":10,"column":2}},"loc":{"start":{"line":4,"column":36},"end":{"line":10,"column":2}},"line":4}},"f":{"0":2}}
,"/Users/atmarcus/Vaults/sageframe-no-kaji-dev/edelmore-diary/src/routes/(authenticated)/[date]/+page.server.ts": {"path":"/Users/atmarcus/Vaults/sageframe-no-kaji-dev/edelmore-diary/src/routes/(authenticated)/[date]/+page.server.ts","all":false,"statementMap":{"0":{"start":{"line":1,"column":0},"end":{"line":1,"column":73}},"1":{"start":{"line":2,"column":0},"end":{"line":2,"column":81}},"2":{"start":{"line":3,"column":0},"end":{"line":3,"column":41}},"5":{"start":{"line":6,"column":0},"end":{"line":6,"column":67}},"6":{"start":{"line":7,"column":0},"end":{"line":7,"column":65}},"9":{"start":{"line":10,"column":0},"end":{"line":10,"column":33}},"10":{"start":{"line":11,"column":0},"end":{"line":11,"column":57}},"14":{"start":{"line":15,"column":0},"end":{"line":15,"column":50}},"15":{"start":{"line":16,"column":0},"end":{"line":16,"column":41}},"16":{"start":{"line":17,"column":0},"end":{"line":17,"column":86}},"17":{"start":{"line":18,"column":0},"end":{"line":18,"column":71}},"19":{"start":{"line":20,"column":0},"end":{"line":20,"column":94}},"21":{"start":{"line":22,"column":0},"end":{"line":22,"column":10}},"22":{"start":{"line":23,"column":0},"end":{"line":23,"column":22}},"23":{"start":{"line":24,"column":0},"end":{"line":24,"column":48}},"24":{"start":{"line":25,"column":0},"end":{"line":25,"column":34}},"25":{"start":{"line":26,"column":0},"end":{"line":26,"column":13}},"26":{"start":{"line":27,"column":0},"end":{"line":27,"column":13}},"27":{"start":{"line":28,"column":0},"end":{"line":28,"column":22}},"28":{"start":{"line":29,"column":0},"end":{"line":29,"column":4}},"29":{"start":{"line":30,"column":0},"end":{"line":30,"column":2}}},"s":{"0":1,"1":1,"2":1,"5":1,"6":13,"9":11,"10":11,"14":11,"15":11,"16":13,"17":13,"19":13,"21":13,"22":13,"23":13,"24":13,"25":13,"26":13,"27":13,"28":13,"29":13},"branchMap":{"0":{"type":"branch","line":6,"loc":{"start":{"line":6,"column":36},"end":{"line":30,"column":2}},"locations":[{"start":{"line":6,"column":36},"end":{"line":30,"column":2}}]},"1":{"type":"branch","line":7,"loc":{"start":{"line":7,"column":33},"end":{"line":7,"column":65}},"locations":[{"start":{"line":7,"column":33},"end":{"line":7,"column":65}}]},"2":{"type":"branch","line":7,"loc":{"start":{"line":7,"column":63},"end":{"line":17,"column":32}},"locations":[{"start":{"line":7,"column":63},"end":{"line":17,"column":32}}]},"3":{"type":"branch","line":17,"loc":{"start":{"line":17,"column":27},"end":{"line":17,"column":39}},"locations":[{"start":{"line":17,"column":27},"end":{"line":17,"column":39}}]},"4":{"type":"branch","line":17,"loc":{"start":{"line":17,"column":32},"end":{"line":17,"column":86}},"locations":[{"start":{"line":17,"column":32},"end":{"line":17,"column":86}}]},"5":{"type":"branch","line":17,"loc":{"start":{"line":17,"column":60},"end":{"line":17,"column":81}},"locations":[{"start":{"line":17,"column":60},"end":{"line":17,"column":81}}]},"6":{"type":"branch","line":17,"loc":{"start":{"line":17,"column":77},"end":{"line":17,"column":86}},"locations":[{"start":{"line":17,"column":77},"end":{"line":17,"column":86}}]},"7":{"type":"branch","line":18,"loc":{"start":{"line":18,"column":27},"end":{"line":18,"column":39}},"locations":[{"start":{"line":18,"column":27},"end":{"line":18,"column":39}}]},"8":{"type":"branch","line":18,"loc":{"start":{"line":18,"column":32},"end":{"line":18,"column":71}},"locations":[{"start":{"line":18,"column":32},"end":{"line":18,"column":71}}]},"9":{"type":"branch","line":18,"loc":{"start":{"line":18,"column":45},"end":{"line":18,"column":66}},"locations":[{"start":{"line":18,"column":45},"end":{"line":18,"column":66}}]},"10":{"type":"branch","line":18,"loc":{"start":{"line":18,"column":62},"end":{"line":18,"column":71}},"locations":[{"start":{"line":18,"column":62},"end":{"line":18,"column":71}}]},"11":{"type":"branch","line":25,"loc":{"start":{"line":25,"column":13},"end":{"line":25,"column":31}},"locations":[{"start":{"line":25,"column":13},"end":{"line":25,"column":31}}]},"12":{"type":"branch","line":25,"loc":{"start":{"line":25,"column":20},"end":{"line":25,"column":34}},"locations":[{"start":{"line":25,"column":20},"end":{"line":25,"column":34}}]}},"b":{"0":[13],"1":[2],"2":[11],"3":[4],"4":[7],"5":[3],"6":[4],"7":[4],"8":[7],"9":[1],"10":[6],"11":[7],"12":[4]},"fnMap":{"0":{"name":"load","decl":{"start":{"line":6,"column":36},"end":{"line":30,"column":2}},"loc":{"start":{"line":6,"column":36},"end":{"line":30,"column":2}},"line":6}},"f":{"0":13}}
,"/Users/atmarcus/Vaults/sageframe-no-kaji-dev/edelmore-diary/src/routes/admin/+page.server.ts": {"path":"/Users/atmarcus/Vaults/sageframe-no-kaji-dev/edelmore-diary/src/routes/admin/+page.server.ts","all":false,"statementMap":{"0":{"start":{"line":1,"column":0},"end":{"line":1,"column":39}},"1":{"start":{"line":2,"column":0},"end":{"line":2,"column":51}},"2":{"start":{"line":3,"column":0},"end":{"line":3,"column":37}},"5":{"start":{"line":6,"column":0},"end":{"line":6,"column":59}},"6":{"start":{"line":7,"column":0},"end":{"line":7,"column":41}},"7":{"start":{"line":8,"column":0},"end":{"line":8,"column":2}},"9":{"start":{"line":10,"column":0},"end":{"line":10,"column":33}},"10":{"start":{"line":11,"column":0},"end":{"line":11,"column":43}},"11":{"start":{"line":12,"column":0},"end":{"line":12,"column":42}},"12":{"start":{"line":13,"column":0},"end":{"line":13,"column":42}},"13":{"start":{"line":14,"column":0},"end":{"line":14,"column":32}},"15":{"start":{"line":16,"column":0},"end":{"line":16,"column":8}},"16":{"start":{"line":17,"column":0},"end":{"line":17,"column":37}},"17":{"start":{"line":18,"column":0},"end":{"line":18,"column":37}},"18":{"start":{"line":19,"column":0},"end":{"line":19,"column":32}},"19":{"start":{"line":20,"column":0},"end":{"line":20,"column":26}},"20":{"start":{"line":21,"column":0},"end":{"line":21,"column":7}},"21":{"start":{"line":22,"column":0},"end":{"line":22,"column":80}},"22":{"start":{"line":23,"column":0},"end":{"line":23,"column":5}},"24":{"start":{"line":25,"column":0},"end":{"line":25,"column":9}},"25":{"start":{"line":26,"column":0},"end":{"line":26,"column":41}},"26":{"start":{"line":27,"column":0},"end":{"line":27,"column":54}},"27":{"start":{"line":28,"column":0},"end":{"line":28,"column":13}},"28":{"start":{"line":29,"column":0},"end":{"line":29,"column":60}},"29":{"start":{"line":30,"column":0},"end":{"line":30,"column":5}},"31":{"start":{"line":32,"column":0},"end":{"line":32,"column":29}},"32":{"start":{"line":33,"column":0},"end":{"line":33,"column":4}},"33":{"start":{"line":34,"column":0},"end":{"line":34,"column":2}}},"s":{"0":1,"1":1,"2":1,"5":1,"6":2,"7":2,"9":1,"10":1,"11":6,"12":6,"13":6,"15":6,"16":6,"17":5,"18":5,"19":5,"20":6,"21":3,"22":3,"24":3,"25":3,"26":3,"27":6,"28":1,"29":1,"31":2,"32":6,"33":1},"branchMap":{"0":{"type":"branch","line":6,"loc":{"start":{"line":6,"column":36},"end":{"line":8,"column":2}},"locations":[{"start":{"line":6,"column":36},"end":{"line":8,"column":2}}]},"1":{"type":"branch","line":11,"loc":{"start":{"line":11,"column":11},"end":{"line":33,"column":4}},"locations":[{"start":{"line":11,"column":11},"end":{"line":33,"column":4}}]},"2":{"type":"branch","line":17,"loc":{"start":{"line":17,"column":26},"end":{"line":18,"column":37}},"locations":[{"start":{"line":17,"column":26},"end":{"line":18,"column":37}}]},"3":{"type":"branch","line":18,"loc":{"start":{"line":18,"column":33},"end":{"line":19,"column":32}},"locations":[{"start":{"line":18,"column":33},"end":{"line":19,"column":32}}]},"4":{"type":"branch","line":19,"loc":{"start":{"line":19,"column":21},"end":{"line":20,"column":26}},"locations":[{"start":{"line":19,"column":21},"end":{"line":20,"column":26}}]},"5":{"type":"branch","line":21,"loc":{"start":{"line":21,"column":6},"end":{"line":28,"column":12}},"locations":[{"start":{"line":21,"column":6},"end":{"line":28,"column":12}}]},"6":{"type":"branch","line":28,"loc":{"start":{"line":28,"column":4},"end":{"line":30,"column":5}},"locations":[{"start":{"line":28,"column":4},"end":{"line":30,"column":5}}]},"7":{"type":"branch","line":30,"loc":{"start":{"line":30,"column":4},"end":{"line":32,"column":29}},"locations":[{"start":{"line":30,"column":4},"end":{"line":32,"column":29}}]}},"b":{"0":[2],"1":[6],"2":[5],"3":[5],"4":[5],"5":[3],"6":[1],"7":[2]},"fnMap":{"0":{"name":"load","decl":{"start":{"line":6,"column":36},"end":{"line":8,"column":2}},"loc":{"start":{"line":6,"column":36},"end":{"line":8,"column":2}},"line":6},"1":{"name":"default","decl":{"start":{"line":11,"column":11},"end":{"line":33,"column":4}},"loc":{"start":{"line":11,"column":11},"end":{"line":33,"column":4}},"line":11}},"f":{"0":2,"1":6}}
,"/Users/atmarcus/Vaults/sageframe-no-kaji-dev/edelmore-diary/src/routes/api/entries/+server.ts": {"path":"/Users/atmarcus/Vaults/sageframe-no-kaji-dev/edelmore-diary/src/routes/api/entries/+server.ts","all":false,"statementMap":{"0":{"start":{"line":1,"column":0},"end":{"line":1,"column":44}},"1":{"start":{"line":2,"column":0},"end":{"line":2,"column":41}},"2":{"start":{"line":3,"column":0},"end":{"line":3,"column":44}},"5":{"start":{"line":6,"column":0},"end":{"line":6,"column":68}},"6":{"start":{"line":7,"column":0},"end":{"line":7,"column":36}},"7":{"start":{"line":8,"column":0},"end":{"line":8,"column":72}},"9":{"start":{"line":10,"column":0},"end":{"line":10,"column":55}},"10":{"start":{"line":11,"column":0},"end":{"line":11,"column":31}},"11":{"start":{"line":12,"column":0},"end":{"line":12,"column":3}},"12":{"start":{"line":13,"column":0},"end":{"line":13,"column":36}},"13":{"start":{"line":14,"column":0},"end":{"line":14,"column":43}},"14":{"start":{"line":15,"column":0},"end":{"line":15,"column":3}},"17":{"start":{"line":18,"column":0},"end":{"line":18,"column":57}},"18":{"start":{"line":19,"column":0},"end":{"line":19,"column":28}},"19":{"start":{"line":20,"column":0},"end":{"line":20,"column":2}}},"s":{"0":1,"1":1,"2":1,"5":1,"6":6,"7":6,"9":6,"10":2,"11":2,"12":6,"13":1,"14":1,"17":3,"18":3,"19":3},"branchMap":{"0":{"type":"branch","line":6,"loc":{"start":{"line":6,"column":36},"end":{"line":20,"column":2}},"locations":[{"start":{"line":6,"column":36},"end":{"line":20,"column":2}}]},"1":{"type":"branch","line":10,"loc":{"start":{"line":10,"column":22},"end":{"line":10,"column":54}},"locations":[{"start":{"line":10,"column":22},"end":{"line":10,"column":54}}]},"2":{"type":"branch","line":10,"loc":{"start":{"line":10,"column":54},"end":{"line":12,"column":3}},"locations":[{"start":{"line":10,"column":54},"end":{"line":12,"column":3}}]},"3":{"type":"branch","line":12,"loc":{"start":{"line":12,"column":2},"end":{"line":13,"column":35}},"locations":[{"start":{"line":12,"column":2},"end":{"line":13,"column":35}}]},"4":{"type":"branch","line":13,"loc":{"start":{"line":13,"column":35},"end":{"line":15,"column":3}},"locations":[{"start":{"line":13,"column":35},"end":{"line":15,"column":3}}]},"5":{"type":"branch","line":15,"loc":{"start":{"line":15,"column":2},"end":{"line":20,"column":2}},"locations":[{"start":{"line":15,"column":2},"end":{"line":20,"column":2}}]}},"b":{"0":[6],"1":[5],"2":[2],"3":[4],"4":[1],"5":[3]},"fnMap":{"0":{"name":"POST","decl":{"start":{"line":6,"column":36},"end":{"line":20,"column":2}},"loc":{"start":{"line":6,"column":36},"end":{"line":20,"column":2}},"line":6}},"f":{"0":6}}
,"/Users/atmarcus/Vaults/sageframe-no-kaji-dev/edelmore-diary/src/routes/api/entries/[date]/+server.ts": {"path":"/Users/atmarcus/Vaults/sageframe-no-kaji-dev/edelmore-diary/src/routes/api/entries/[date]/+server.ts","all":false,"statementMap":{"0":{"start":{"line":1,"column":0},"end":{"line":1,"column":63}},"1":{"start":{"line":2,"column":0},"end":{"line":2,"column":38}},"2":{"start":{"line":3,"column":0},"end":{"line":3,"column":44}},"5":{"start":{"line":6,"column":0},"end":{"line":6,"column":66}},"6":{"start":{"line":7,"column":0},"end":{"line":7,"column":66}},"7":{"start":{"line":8,"column":0},"end":{"line":8,"column":53}},"8":{"start":{"line":9,"column":0},"end":{"line":9,"column":65}},"9":{"start":{"line":10,"column":0},"end":{"line":10,"column":15}},"10":{"start":{"line":11,"column":0},"end":{"line":11,"column":22}},"11":{"start":{"line":12,"column":0},"end":{"line":12,"column":34}},"12":{"start":{"line":13,"column":0},"end":{"line":13,"column":48}},"13":{"start":{"line":14,"column":0},"end":{"line":14,"column":5}},"14":{"start":{"line":15,"column":0},"end":{"line":15,"column":2}}},"s":{"0":1,"1":1,"2":1,"5":1,"6":4,"7":4,"8":2,"9":2,"10":2,"11":4,"12":4,"13":4,"14":4},"branchMap":{"0":{"type":"branch","line":6,"loc":{"start":{"line":6,"column":35},"end":{"line":15,"column":2}},"locations":[{"start":{"line":6,"column":35},"end":{"line":15,"column":2}}]},"1":{"type":"branch","line":7,"loc":{"start":{"line":7,"column":33},"end":{"line":7,"column":66}},"locations":[{"start":{"line":7,"column":33},"end":{"line":7,"column":66}}]},"2":{"type":"branch","line":7,"loc":{"start":{"line":7,"column":64},"end":{"line":8,"column":26}},"locations":[{"start":{"line":7,"column":64},"end":{"line":8,"column":26}}]},"3":{"type":"branch","line":8,"loc":{"start":{"line":8,"column":20},"end":{"line":8,"column":53}},"locations":[{"start":{"line":8,"column":20},"end":{"line":8,"column":53}}]},"4":{"type":"branch","line":8,"loc":{"start":{"line":8,"column":51},"end":{"line":12,"column":20}},"locations":[{"start":{"line":8,"column":51},"end":{"line":12,"column":20}}]},"5":{"type":"branch","line":12,"loc":{"start":{"line":12,"column":13},"end":{"line":12,"column":31}},"locations":[{"start":{"line":12,"column":13},"end":{"line":12,"column":31}}]},"6":{"type":"branch","line":12,"loc":{"start":{"line":12,"column":20},"end":{"line":12,"column":34}},"locations":[{"start":{"line":12,"column":20},"end":{"line":12,"column":34}}]}},"b":{"0":[4],"1":[1],"2":[3],"3":[1],"4":[2],"5":[1],"6":[1]},"fnMap":{"0":{"name":"GET","decl":{"start":{"line":6,"column":35},"end":{"line":15,"column":2}},"loc":{"start":{"line":6,"column":35},"end":{"line":15,"column":2}},"line":6}},"f":{"0":4}}
,"/Users/atmarcus/Vaults/sageframe-no-kaji-dev/edelmore-diary/src/routes/api/entries/dates/+server.ts": {"path":"/Users/atmarcus/Vaults/sageframe-no-kaji-dev/edelmore-diary/src/routes/api/entries/dates/+server.ts","all":false,"statementMap":{"0":{"start":{"line":1,"column":0},"end":{"line":1,"column":55}},"1":{"start":{"line":2,"column":0},"end":{"line":2,"column":44}},"4":{"start":{"line":5,"column":0},"end":{"line":5,"column":58}},"5":{"start":{"line":6,"column":0},"end":{"line":6,"column":47}},"7":{"start":{"line":8,"column":0},"end":{"line":8,"column":69}},"8":{"start":{"line":9,"column":0},"end":{"line":9,"column":2}}},"s":{"0":1,"1":1,"4":1,"5":3,"7":2,"8":2},"branchMap":{"0":{"type":"branch","line":5,"loc":{"start":{"line":5,"column":35},"end":{"line":9,"column":2}},"locations":[{"start":{"line":5,"column":35},"end":{"line":9,"column":2}}]},"1":{"type":"branch","line":6,"loc":{"start":{"line":6,"column":20},"end":{"line":6,"column":47}},"locations":[{"start":{"line":6,"column":20},"end":{"line":6,"column":47}}]},"2":{"type":"branch","line":6,"loc":{"start":{"line":6,"column":45},"end":{"line":9,"column":2}},"locations":[{"start":{"line":6,"column":45},"end":{"line":9,"column":2}}]}},"b":{"0":[3],"1":[1],"2":[2]},"fnMap":{"0":{"name":"GET","decl":{"start":{"line":5,"column":35},"end":{"line":9,"column":2}},"loc":{"start":{"line":5,"column":35},"end":{"line":9,"column":2}},"line":5}},"f":{"0":3}}
,"/Users/atmarcus/Vaults/sageframe-no-kaji-dev/edelmore-diary/src/routes/login/+page.server.ts": {"path":"/Users/atmarcus/Vaults/sageframe-no-kaji-dev/edelmore-diary/src/routes/login/+page.server.ts","all":false,"statementMap":{"0":{"start":{"line":1,"column":0},"end":{"line":1,"column":8}},"7":{"start":{"line":8,"column":0},"end":{"line":8,"column":73}},"8":{"start":{"line":9,"column":0},"end":{"line":9,"column":47}},"11":{"start":{"line":12,"column":0},"end":{"line":12,"column":59}},"12":{"start":{"line":13,"column":0},"end":{"line":13,"column":38}},"13":{"start":{"line":14,"column":0},"end":{"line":14,"column":41}},"14":{"start":{"line":15,"column":0},"end":{"line":15,"column":2}},"16":{"start":{"line":17,"column":0},"end":{"line":17,"column":33}},"17":{"start":{"line":18,"column":0},"end":{"line":18,"column":52}},"18":{"start":{"line":19,"column":0},"end":{"line":19,"column":42}},"19":{"start":{"line":20,"column":0},"end":{"line":20,"column":42}},"20":{"start":{"line":21,"column":0},"end":{"line":21,"column":32}},"22":{"start":{"line":23,"column":0},"end":{"line":23,"column":86}},"23":{"start":{"line":24,"column":0},"end":{"line":24,"column":57}},"24":{"start":{"line":25,"column":0},"end":{"line":25,"column":5}},"26":{"start":{"line":27,"column":0},"end":{"line":27,"column":56}},"27":{"start":{"line":28,"column":0},"end":{"line":28,"column":58}},"28":{"start":{"line":29,"column":0},"end":{"line":29,"column":57}},"29":{"start":{"line":30,"column":0},"end":{"line":30,"column":5}},"31":{"start":{"line":32,"column":0},"end":{"line":32,"column":40}},"32":{"start":{"line":33,"column":0},"end":{"line":33,"column":35}},"33":{"start":{"line":34,"column":0},"end":{"line":34,"column":57}},"35":{"start":{"line":36,"column":0},"end":{"line":36,"column":44}},"36":{"start":{"line":37,"column":0},"end":{"line":37,"column":16}},"37":{"start":{"line":38,"column":0},"end":{"line":38,"column":21}},"38":{"start":{"line":39,"column":0},"end":{"line":39,"column":25}},"39":{"start":{"line":40,"column":0},"end":{"line":40,"column":52}},"40":{"start":{"line":41,"column":0},"end":{"line":41,"column":39}},"41":{"start":{"line":42,"column":0},"end":{"line":42,"column":7}},"43":{"start":{"line":44,"column":0},"end":{"line":44,"column":23}},"44":{"start":{"line":45,"column":0},"end":{"line":45,"column":4}},"45":{"start":{"line":46,"column":0},"end":{"line":46,"column":2}}},"s":{"0":1,"7":1,"8":1,"11":1,"12":2,"13":1,"14":1,"16":1,"17":1,"18":6,"19":6,"20":6,"22":6,"23":2,"24":2,"26":4,"27":6,"28":2,"29":2,"31":2,"32":2,"33":2,"35":2,"36":2,"37":2,"38":2,"39":2,"40":2,"41":2,"43":2,"44":6,"45":1},"branchMap":{"0":{"type":"branch","line":12,"loc":{"start":{"line":12,"column":36},"end":{"line":15,"column":2}},"locations":[{"start":{"line":12,"column":36},"end":{"line":15,"column":2}}]},"1":{"type":"branch","line":13,"loc":{"start":{"line":13,"column":19},"end":{"line":15,"column":2}},"locations":[{"start":{"line":13,"column":19},"end":{"line":15,"column":2}}]},"2":{"type":"branch","line":18,"loc":{"start":{"line":18,"column":11},"end":{"line":45,"column":4}},"locations":[{"start":{"line":18,"column":11},"end":{"line":45,"column":4}}]},"3":{"type":"branch","line":23,"loc":{"start":{"line":23,"column":28},"end":{"line":23,"column":67}},"locations":[{"start":{"line":23,"column":28},"end":{"line":23,"column":67}}]},"4":{"type":"branch","line":23,"loc":{"start":{"line":23,"column":55},"end":{"line":23,"column":85}},"locations":[{"start":{"line":23,"column":55},"end":{"line":23,"column":85}}]},"5":{"type":"branch","line":23,"loc":{"start":{"line":23,"column":85},"end":{"line":25,"column":5}},"locations":[{"start":{"line":23,"column":85},"end":{"line":25,"column":5}}]},"6":{"type":"branch","line":25,"loc":{"start":{"line":25,"column":4},"end":{"line":28,"column":17}},"locations":[{"start":{"line":25,"column":4},"end":{"line":28,"column":17}}]},"7":{"type":"branch","line":28,"loc":{"start":{"line":28,"column":9},"end":{"line":28,"column":57}},"locations":[{"start":{"line":28,"column":9},"end":{"line":28,"column":57}}]},"8":{"type":"branch","line":28,"loc":{"start":{"line":28,"column":57},"end":{"line":44,"column":23}},"locations":[{"start":{"line":28,"column":57},"end":{"line":44,"column":23}}]}},"b":{"0":[2],"1":[1],"2":[6],"3":[5],"4":[5],"5":[2],"6":[4],"7":[3],"8":[2]},"fnMap":{"0":{"name":"load","decl":{"start":{"line":12,"column":36},"end":{"line":15,"column":2}},"loc":{"start":{"line":12,"column":36},"end":{"line":15,"column":2}},"line":12},"1":{"name":"default","decl":{"start":{"line":18,"column":11},"end":{"line":45,"column":4}},"loc":{"start":{"line":18,"column":11},"end":{"line":45,"column":4}},"line":18}},"f":{"0":2,"1":6}}
,"/Users/atmarcus/Vaults/sageframe-no-kaji-dev/edelmore-diary/src/routes/logout/+server.ts": {"path":"/Users/atmarcus/Vaults/sageframe-no-kaji-dev/edelmore-diary/src/routes/logout/+server.ts","all":false,"statementMap":{"0":{"start":{"line":1,"column":0},"end":{"line":1,"column":46}},"1":{"start":{"line":2,"column":0},"end":{"line":2,"column":43}},"2":{"start":{"line":3,"column":0},"end":{"line":3,"column":41}},"5":{"start":{"line":6,"column":0},"end":{"line":6,"column":67}},"6":{"start":{"line":7,"column":0},"end":{"line":7,"column":48}},"7":{"start":{"line":8,"column":0},"end":{"line":8,"column":18}},"8":{"start":{"line":9,"column":0},"end":{"line":9,"column":40}},"9":{"start":{"line":10,"column":0},"end":{"line":10,"column":50}},"10":{"start":{"line":11,"column":0},"end":{"line":11,"column":3}},"11":{"start":{"line":12,"column":0},"end":{"line":12,"column":26}},"12":{"start":{"line":13,"column":0},"end":{"line":13,"column":2}}},"s":{"0":1,"1":1,"2":1,"5":1,"6":2,"7":2,"8":1,"9":1,"10":1,"11":2,"12":2},"branchMap":{"0":{"type":"branch","line":6,"loc":{"start":{"line":6,"column":35},"end":{"line":13,"column":2}},"locations":[{"start":{"line":6,"column":35},"end":{"line":13,"column":2}}]},"1":{"type":"branch","line":8,"loc":{"start":{"line":8,"column":17},"end":{"line":11,"column":3}},"locations":[{"start":{"line":8,"column":17},"end":{"line":11,"column":3}}]}},"b":{"0":[2],"1":[1]},"fnMap":{"0":{"name":"GET","decl":{"start":{"line":6,"column":35},"end":{"line":13,"column":2}},"loc":{"start":{"line":6,"column":35},"end":{"line":13,"column":2}},"line":6}},"f":{"0":2}}
,"/Users/atmarcus/Vaults/sageframe-no-kaji-dev/edelmore-diary/src/routes/settings/+page.server.ts": {"path":"/Users/atmarcus/Vaults/sageframe-no-kaji-dev/edelmore-diary/src/routes/settings/+page.server.ts","all":false,"statementMap":{"0":{"start":{"line":1,"column":0},"end":{"line":1,"column":40}},"1":{"start":{"line":2,"column":0},"end":{"line":2,"column":47}},"2":{"start":{"line":3,"column":0},"end":{"line":3,"column":47}},"5":{"start":{"line":6,"column":0},"end":{"line":6,"column":59}},"6":{"start":{"line":7,"column":0},"end":{"line":7,"column":44}},"7":{"start":{"line":8,"column":0},"end":{"line":8,"column":10}},"8":{"start":{"line":9,"column":0},"end":{"line":9,"column":34}},"9":{"start":{"line":10,"column":0},"end":{"line":10,"column":35}},"10":{"start":{"line":11,"column":0},"end":{"line":11,"column":19}},"11":{"start":{"line":12,"column":0},"end":{"line":12,"column":4}},"12":{"start":{"line":13,"column":0},"end":{"line":13,"column":2}},"14":{"start":{"line":15,"column":0},"end":{"line":15,"column":33}},"15":{"start":{"line":16,"column":0},"end":{"line":16,"column":42}},"16":{"start":{"line":17,"column":0},"end":{"line":17,"column":46}},"17":{"start":{"line":18,"column":0},"end":{"line":18,"column":42}},"18":{"start":{"line":19,"column":0},"end":{"line":19,"column":59}},"19":{"start":{"line":20,"column":0},"end":{"line":20,"column":92}},"20":{"start":{"line":21,"column":0},"end":{"line":21,"column":58}},"21":{"start":{"line":22,"column":0},"end":{"line":22,"column":23}},"22":{"start":{"line":23,"column":0},"end":{"line":23,"column":4}},"23":{"start":{"line":24,"column":0},"end":{"line":24,"column":2}}},"s":{"0":1,"1":1,"2":1,"5":1,"6":3,"7":2,"8":2,"9":2,"10":2,"11":2,"12":2,"14":1,"15":1,"16":14,"17":13,"18":14,"19":14,"20":11,"21":11,"22":14,"23":1},"branchMap":{"0":{"type":"branch","line":6,"loc":{"start":{"line":6,"column":36},"end":{"line":13,"column":2}},"locations":[{"start":{"line":6,"column":36},"end":{"line":13,"column":2}}]},"1":{"type":"branch","line":7,"loc":{"start":{"line":7,"column":20},"end":{"line":7,"column":44}},"locations":[{"start":{"line":7,"column":20},"end":{"line":7,"column":44}}]},"2":{"type":"branch","line":7,"loc":{"start":{"line":7,"column":42},"end":{"line":13,"column":2}},"locations":[{"start":{"line":7,"column":42},"end":{"line":13,"column":2}}]},"3":{"type":"branch","line":16,"loc":{"start":{"line":16,"column":10},"end":{"line":23,"column":4}},"locations":[{"start":{"line":16,"column":10},"end":{"line":23,"column":4}}]},"4":{"type":"branch","line":17,"loc":{"start":{"line":17,"column":22},"end":{"line":17,"column":46}},"locations":[{"start":{"line":17,"column":22},"end":{"line":17,"column":46}}]},"5":{"type":"branch","line":17,"loc":{"start":{"line":17,"column":44},"end":{"line":19,"column":51}},"locations":[{"start":{"line":17,"column":44},"end":{"line":19,"column":51}}]},"6":{"type":"branch","line":19,"loc":{"start":{"line":19,"column":51},"end":{"line":19,"column":59}},"locations":[{"start":{"line":19,"column":51},"end":{"line":19,"column":59}}]},"7":{"type":"branch","line":20,"loc":{"start":{"line":20,"column":47},"end":{"line":20,"column":92}},"locations":[{"start":{"line":20,"column":47},"end":{"line":20,"column":92}}]},"8":{"type":"branch","line":20,"loc":{"start":{"line":20,"column":90},"end":{"line":22,"column":23}},"locations":[{"start":{"line":20,"column":90},"end":{"line":22,"column":23}}]},"9":{"type":"branch","line":20,"loc":{"start":{"line":20,"column":21},"end":{"line":20,"column":44}},"locations":[{"start":{"line":20,"column":21},"end":{"line":20,"column":44}}]}},"b":{"0":[3],"1":[1],"2":[2],"3":[14],"4":[1],"5":[13],"6":[0],"7":[2],"8":[11],"9":[77]},"fnMap":{"0":{"name":"load","decl":{"start":{"line":6,"column":36},"end":{"line":13,"column":2}},"loc":{"start":{"line":6,"column":36},"end":{"line":13,"column":2}},"line":6},"1":{"name":"select","decl":{"start":{"line":16,"column":10},"end":{"line":23,"column":4}},"loc":{"start":{"line":16,"column":10},"end":{"line":23,"column":4}},"line":16}},"f":{"0":3,"1":14}}
}
